2017-10-01 13:44:34,634 [Worker-3] INFO  c.g.t.t.d.PublishedGradleVersions - Gradle version information cache is out-of-date. Trying to update.
2018-01-01 18:44:38,415 [Worker-0] INFO  c.g.t.t.d.PublishedGradleVersions - Gradle version information cache is out-of-date. Trying to update.
2018-01-01 19:21:58,868 [Worker-3] INFO  c.g.t.t.d.PublishedGradleVersions - Gradle version information cache is up-to-date. Trying to read.
2018-05-02 21:52:14,214 [Worker-2] INFO  c.g.t.t.d.PublishedGradleVersions - Gradle version information cache is out-of-date. Trying to update.
2018-05-02 21:53:19,054 [Worker-37] INFO  o.e.m.c.i.p.ProjectConfigurationManager - Collecting project info '/pom.xml' /Users/admin/Documents/workspace1/www.awsquickstart.com/pom.xml
2018-05-02 21:53:20,339 [Worker-37] INFO  o.e.m.c.i.l.LifecycleMappingFactory - Using org.eclipse.m2e.jdt.JarLifecycleMapping lifecycle mapping for MavenProject: AWSQuickStart:www.awsquickstart.com:0.0.1-SNAPSHOT @ /Users/admin/Documents/workspace1/www.awsquickstart.com/pom.xml.
2018-05-02 21:53:20,820 [Worker-37] INFO  o.e.m.j.i.AbstractJavaProjectConfigurator - Adding source folder /www.awsquickstart.com/src/main/java
2018-05-02 21:53:20,822 [Worker-37] INFO  o.e.m.j.i.AbstractJavaProjectConfigurator - Adding source folder /www.awsquickstart.com/src/test/java
2018-05-02 21:53:20,961 [Worker-37] INFO  o.e.m.c.i.p.ProjectConfigurationManager - Imported and configured 1 project(s) in 1 sec
2018-05-02 21:53:21,550 [Worker-241] INFO  o.e.m.c.i.embedder.EclipseLogger - Using 'UTF-8' encoding to copy filtered resources.
2018-05-02 21:53:21,551 [Worker-241] INFO  o.e.m.c.i.embedder.EclipseLogger - skip non existing resourceDirectory /Users/admin/Documents/workspace1/www.awsquickstart.com/src/main/resources
2018-05-02 21:53:21,554 [Worker-241] INFO  o.e.m.c.i.embedder.EclipseLogger - Using 'UTF-8' encoding to copy filtered resources.
2018-05-02 21:53:21,554 [Worker-241] INFO  o.e.m.c.i.embedder.EclipseLogger - skip non existing resourceDirectory /Users/admin/Documents/workspace1/www.awsquickstart.com/src/test/resources
2018-05-02 21:54:13,631 [Worker-180] INFO  o.e.m.c.i.embedder.EclipseLogger - Using 'UTF-8' encoding to copy filtered resources.
2018-05-02 21:54:13,632 [Worker-180] INFO  o.e.m.c.i.embedder.EclipseLogger - skip non existing resourceDirectory /Users/admin/Documents/workspace1/www.awsquickstart.com/src/main/resources
2018-05-02 21:54:13,635 [Worker-180] INFO  o.e.m.c.i.embedder.EclipseLogger - Using 'UTF-8' encoding to copy filtered resources.
2018-05-02 21:54:13,635 [Worker-180] INFO  o.e.m.c.i.embedder.EclipseLogger - skip non existing resourceDirectory /Users/admin/Documents/workspace1/www.awsquickstart.com/src/test/resources
2018-05-02 21:54:48,624 [Worker-241] INFO  o.e.m.c.i.embedder.EclipseLogger - Using 'UTF-8' encoding to copy filtered resources.
2018-05-02 21:54:48,626 [Worker-241] INFO  o.e.m.c.i.embedder.EclipseLogger - skip non existing resourceDirectory /Users/admin/Documents/workspace1/www.awsquickstart.com/src/main/resources
2018-05-02 21:54:48,628 [Worker-241] INFO  o.e.m.c.i.embedder.EclipseLogger - Using 'UTF-8' encoding to copy filtered resources.
2018-05-02 21:54:48,628 [Worker-241] INFO  o.e.m.c.i.embedder.EclipseLogger - skip non existing resourceDirectory /Users/admin/Documents/workspace1/www.awsquickstart.com/src/test/resources
2018-05-02 21:58:34,402 [Worker-3] INFO  c.g.t.t.d.PublishedGradleVersions - Gradle version information cache is up-to-date. Trying to read.
